<?xml version="1.0" encoding="UTF-8"?>
<!-- Generated by org.testng.reporters.JUnitReportReporter -->
<testsuite hostname="ATDEV283L1" failures="0" tests="1" name="qa.yblapp.sample.TestRegistration" time="50.828" errors="0" timestamp="2023-12-28T17:47:22 IST" skipped="0">
  <testcase classname="qa.yblapp.sample.TestRegistration" name="registrationTest" time="50.828"/>
</testsuite> <!-- qa.yblapp.sample.TestRegistration -->
