<?xml version="1.0" encoding="UTF-8"?>
<!-- Generated by org.testng.reporters.JUnitReportReporter -->
<testsuite hostname="ATDEV283L1" failures="0" tests="1" name="qa.yblapp.sample.TestLaunch" time="0.771" errors="0" timestamp="2023-12-27T16:36:27 IST" skipped="0">
  <testcase classname="qa.yblapp.sample.TestLaunch" name="deviceIdField" time="0.771"/>
</testsuite> <!-- qa.yblapp.sample.TestLaunch -->
