<?xml version="1.0" encoding="UTF-8"?>
<!-- Generated by org.testng.reporters.JUnitReportReporter -->
<testsuite hostname="ATDEV283L1" failures="0" tests="1" name="qa.yblapp.sample.TestRegistration" time="0.742" errors="0" timestamp="2023-12-28T11:45:11 IST" skipped="0">
  <testcase classname="qa.yblapp.sample.TestRegistration" name="deviceIdField" time="0.742"/>
</testsuite> <!-- qa.yblapp.sample.TestRegistration -->
