<?xml version="1.0" encoding="UTF-8"?>
<!-- Generated by org.testng.reporters.JUnitReportReporter -->
<testsuite hostname="ATDEV283L1" failures="0" tests="1" name="qa.yblapp.sample.TestLogin" time="26.250" errors="0" timestamp="2024-01-04T14:32:28 IST" skipped="0">
  <testcase classname="qa.yblapp.sample.TestLogin" name="homePage" time="26.250"/>
</testsuite> <!-- qa.yblapp.sample.TestLogin -->
