<?xml version="1.0" encoding="UTF-8"?>
<!-- Generated by org.testng.reporters.JUnitReportReporter -->
<testsuite hostname="ATDEV283L1" failures="0" tests="1" name="qa.yblapp.sample.TestRegistration" time="4.724" errors="0" timestamp="2023-12-28T13:05:28 IST" skipped="0">
  <testcase classname="qa.yblapp.sample.TestRegistration" name="registrationTest" time="4.724"/>
</testsuite> <!-- qa.yblapp.sample.TestRegistration -->
