<?xml version="1.0" encoding="UTF-8"?>
<!-- Generated by org.testng.reporters.JUnitReportReporter -->
<testsuite hostname="ATDEV283L1" failures="0" tests="1" name="qa.yblapp.sample.TestLogin" time="91.001" errors="0" timestamp="2024-01-05T17:10:17 IST" skipped="0">
  <testcase classname="qa.yblapp.sample.TestLogin" name="QDE" time="91.001"/>
</testsuite> <!-- qa.yblapp.sample.TestLogin -->
